\BOOKMARK [0][-]{chapter*.1}{\376\377\000P\000r\000e\000f\000a\000c\000e}{}% 1
\BOOKMARK [0][-]{chapter.1}{\376\377\000I\000n\000t\000r\000o\000d\000u\000c\000t\000i\000o\000n}{}% 2
\BOOKMARK [0][-]{chapter.2}{\376\377\000B\000a\000c\000k\000g\000r\000o\000u\000n\000d}{}% 3
\BOOKMARK [1][-]{section.2.1}{\376\377\000W\000i\000r\000e\000l\000e\000s\000s\000\040\000C\000o\000n\000n\000e\000c\000t\000i\000o\000n}{chapter.2}% 4
\BOOKMARK [1][-]{section.2.2}{\376\377\000A\000r\000c\000h\000i\000t\000e\000c\000t\000u\000r\000e\000\040\000o\000f\000\040\000t\000h\000e\000\040\000B\000l\000u\000e\000t\000o\000o\000t\000h\000\040\000L\000o\000w\000-\000e\000n\000e\000r\000g\000y\000\040\000S\000t\000a\000c\000k}{chapter.2}% 5
\BOOKMARK [2][-]{subsection.2.2.1}{\376\377\000P\000h\000y\000s\000i\000c\000a\000l\000\040\000L\000a\000y\000e\000r}{section.2.2}% 6
\BOOKMARK [2][-]{subsection.2.2.2}{\376\377\000L\000i\000n\000k\000\040\000L\000a\000y\000e\000r}{section.2.2}% 7
\BOOKMARK [2][-]{subsection.2.2.3}{\376\377\000H\000o\000s\000t\000\040\000C\000o\000n\000t\000r\000o\000l\000l\000e\000r\000\040\000I\000n\000t\000e\000r\000f\000a\000c\000e}{section.2.2}% 8
\BOOKMARK [2][-]{subsection.2.2.4}{\376\377\000L\000o\000g\000i\000c\000a\000l\000\040\000L\000i\000n\000k\000\040\000C\000o\000n\000t\000r\000o\000l\000\040\000a\000n\000d\000\040\000A\000d\000a\000p\000t\000i\000o\000n\000\040\000P\000r\000o\000t\000o\000c\000o\000l}{section.2.2}% 9
\BOOKMARK [2][-]{subsection.2.2.5}{\376\377\000S\000e\000c\000u\000r\000i\000t\000y\000\040\000M\000a\000n\000a\000g\000e\000r}{section.2.2}% 10
\BOOKMARK [2][-]{subsection.2.2.6}{\376\377\000G\000e\000n\000e\000r\000i\000c\000\040\000A\000c\000c\000e\000s\000s\000\040\000P\000r\000o\000f\000i\000l\000e}{section.2.2}% 11
\BOOKMARK [2][-]{subsection.2.2.7}{\376\377\000A\000t\000t\000r\000i\000b\000u\000t\000e\000\040\000P\000r\000o\000t\000o\000c\000o\000l\000\040\000a\000n\000d\000\040\000G\000e\000n\000e\000r\000i\000c\000\040\000A\000t\000t\000r\000i\000b\000u\000t\000e\000\040\000P\000r\000o\000f\000i\000l\000e}{section.2.2}% 12
\BOOKMARK [1][-]{section.2.3}{\376\377\000C\000o\000n\000n\000e\000c\000t\000i\000o\000n\000\040\000S\000e\000t\000u\000p}{chapter.2}% 13
\BOOKMARK [1][-]{section.2.4}{\376\377\000O\000p\000e\000r\000a\000t\000i\000n\000g\000\040\000S\000y\000s\000t\000e\000m\000s}{chapter.2}% 14
\BOOKMARK [1][-]{section.2.5}{\376\377\000D\000e\000m\000o\000\040\000A\000p\000p\000l\000i\000c\000a\000t\000i\000o\000n}{chapter.2}% 15
\BOOKMARK [0][-]{chapter.3}{\376\377\000A\000r\000c\000h\000i\000t\000e\000c\000t\000u\000r\000e}{}% 16
\BOOKMARK [1][-]{section.3.1}{\376\377\000S\000t\000a\000g\000e\000\040\0001\000:\000\040\000S\000h\000a\000r\000i\000n\000g\000\040\000C\000o\000n\000n\000e\000c\000t\000i\000o\000n\000\040\000P\000a\000r\000a\000m\000e\000t\000e\000r\000s}{chapter.3}% 17
\BOOKMARK [1][-]{section.3.2}{\376\377\000R\000e\000d\000u\000c\000i\000n\000g\000\040\000C\000o\000n\000n\000e\000c\000t\000i\000o\000n\000\040\000E\000s\000t\000a\000b\000l\000i\000s\000h\000m\000e\000n\000t\000\040\000T\000i\000m\000e}{chapter.3}% 18
\BOOKMARK [2][-]{subsection.3.2.1}{\376\377\000S\000t\000a\000g\000e\000\040\0002\000:\000\040\000C\000a\000c\000h\000i\000n\000g\000\040\000S\000e\000r\000v\000i\000c\000e\000\040\000D\000i\000s\000c\000o\000v\000e\000r\000y}{section.3.2}% 19
\BOOKMARK [2][-]{subsection.3.2.2}{\376\377\000S\000t\000a\000g\000e\000\040\0003\000:\000\040\000F\000a\000s\000t\000\040\000R\000e\000c\000o\000n\000n\000e\000c\000t}{section.3.2}% 20
\BOOKMARK [2][-]{subsection.3.2.3}{\376\377\000S\000t\000a\000g\000e\000\040\0004\000:\000\040\000C\000a\000c\000h\000i\000n\000g\000\040\000L\000i\000n\000k\000\040\000L\000a\000y\000e\000r\000\040\000E\000x\000c\000h\000a\000n\000g\000e\000s}{section.3.2}% 21
\BOOKMARK [1][-]{section.3.3}{\376\377\000F\000a\000s\000t\000e\000r\000\040\000C\000o\000n\000n\000e\000c\000t\000i\000o\000n\000\040\000P\000a\000r\000a\000m\000e\000t\000e\000r\000\040\000A\000d\000a\000p\000t\000i\000o\000n}{chapter.3}% 22
\BOOKMARK [2][-]{subsection.3.3.1}{\376\377\000B\000a\000c\000k\000r\000o\000n\000y\000m\000\040\000F\000o\000r\000\040\000A\000l\000g\000o\000r\000i\000t\000h\000m\000\040\000H\000e\000r\000e}{section.3.3}% 23
\BOOKMARK [0][-]{chapter.4}{\376\377\000E\000v\000a\000l\000u\000a\000t\000i\000o\000n}{}% 24
\BOOKMARK [1][-]{section.4.1}{\376\377\000S\000e\000t\000u\000p}{chapter.4}% 25
\BOOKMARK [1][-]{section.4.2}{\376\377\000R\000e\000s\000u\000l\000t\000s}{chapter.4}% 26
\BOOKMARK [0][-]{chapter.5}{\376\377\000C\000o\000n\000c\000l\000u\000s\000i\000o\000n\000s}{}% 27
\BOOKMARK [0][-]{chapter.6}{\376\377\000F\000u\000t\000u\000r\000e\000\040\000W\000o\000r\000k}{}% 28
\BOOKMARK [0][-]{appendix.A}{\376\377\000A\000P\000P\000E\000N\000D\000I\000X\000\040\000T\000I\000T\000L\000E}{}% 29
